{"level":"info","message":"Listening on port 5000..."}
{"level":"info","message":"Connected to MongoDB..."}
{"level":"info","message":"Listening on port 5000..."}
{"level":"info","message":"Connected to MongoDB..."}
{"level":"info","message":"Listening on port 5000..."}
{"level":"info","message":"Connected to MongoDB..."}
{"level":"info","message":"Listening on port 5000..."}
{"level":"info","message":"Connected to MongoDB..."}
{"level":"info","message":"Listening on port 5000..."}
{"level":"info","message":"Connected to MongoDB..."}
{"level":"info","message":"Listening on port 5000..."}
{"level":"info","message":"Connected to MongoDB..."}
{"level":"info","message":"Listening on port 5000..."}
{"level":"info","message":"Connected to MongoDB..."}
{"level":"info","message":"Listening on port 5000..."}
{"level":"info","message":"Connected to MongoDB..."}
{"level":"info","message":"Listening on port 5000..."}
{"level":"info","message":"Connected to MongoDB..."}
{"level":"info","message":"Listening on port 5000..."}
{"level":"info","message":"Connected to MongoDB..."}
{"level":"info","message":"Listening on port 5000..."}
{"level":"info","message":"Connected to MongoDB..."}
{"level":"info","message":"Listening on port 5000..."}
{"level":"info","message":"Connected to MongoDB..."}
{"level":"info","message":"Listening on port 5000..."}
{"level":"info","message":"Connected to MongoDB..."}
{"level":"info","message":"Listening on port 5000..."}
{"level":"info","message":"Connected to MongoDB..."}
{"level":"info","message":"Listening on port 5000..."}
{"level":"info","message":"Connected to MongoDB..."}
{"level":"info","message":"Listening on port 5000..."}
{"level":"info","message":"Connected to MongoDB..."}
{"level":"info","message":"Listening on port 5000..."}
{"level":"info","message":"Connected to MongoDB..."}
{"level":"info","message":"Listening on port 5000..."}
{"level":"info","message":"Connected to MongoDB..."}
{"level":"info","message":"Listening on port 5000..."}
{"level":"info","message":"Connected to MongoDB..."}
{"level":"info","message":"Listening on port 5000..."}
{"level":"info","message":"Connected to MongoDB..."}
{"level":"info","message":"Listening on port 5000..."}
{"level":"info","message":"Connected to MongoDB..."}
{"level":"info","message":"Connected to MongoDB..."}
{"level":"info","message":"Connected to MongoDB..."}
{"level":"info","message":"Listening on port 5000..."}
{"level":"info","message":"Connected to MongoDB..."}
{"level":"info","message":"Listening on port 5000..."}
{"level":"info","message":"Connected to MongoDB..."}
{"level":"info","message":"Listening on port 5000..."}
{"level":"info","message":"Connected to MongoDB..."}
{"level":"info","message":"Listening on port 5000..."}
{"level":"info","message":"Connected to MongoDB..."}
{"level":"info","message":"Listening on port 5000..."}
{"level":"info","message":"Connected to MongoDB..."}
{"level":"info","message":"Listening on port 5000..."}
{"level":"info","message":"Connected to MongoDB..."}
{"level":"info","message":"Connected to MongoDB..."}
{"level":"info","message":"Listening on port 5000..."}
{"level":"info","message":"Connected to MongoDB..."}
{"level":"info","message":"Listening on port 5000..."}
{"level":"info","message":"Connected to MongoDB..."}
{"level":"info","message":"Listening on port 5000..."}
{"level":"info","message":"Connected to MongoDB..."}
{"level":"info","message":"Connected to MongoDB..."}
{"level":"info","message":"Listening on port 5000..."}
{"level":"info","message":"Connected to MongoDB..."}
{"level":"info","message":"Listening on port 5000..."}
{"level":"info","message":"Connected to MongoDB..."}
{"level":"error","message":"Unexpected token u in JSON at position 0 Unexpected token u in JSON at position 0","stack":"SyntaxError: Unexpected token u in JSON at position 0\n    at JSON.parse (<anonymous>)\n    at /Users/fanliang/Desktop/6-eleven/backend/routes/users.js:140:27\n    at newFn (/Users/fanliang/Desktop/6-eleven/backend/node_modules/express-async-errors/index.js:16:20)\n    at Layer.handle [as handle_request] (/Users/fanliang/Desktop/6-eleven/backend/node_modules/express/lib/router/layer.js:95:5)\n    at next (/Users/fanliang/Desktop/6-eleven/backend/node_modules/express/lib/router/route.js:137:13)\n    at Route.dispatch (/Users/fanliang/Desktop/6-eleven/backend/node_modules/express/lib/router/route.js:112:3)\n    at newFn (/Users/fanliang/Desktop/6-eleven/backend/node_modules/express-async-errors/index.js:16:20)\n    at Layer.handle [as handle_request] (/Users/fanliang/Desktop/6-eleven/backend/node_modules/express/lib/router/layer.js:95:5)\n    at /Users/fanliang/Desktop/6-eleven/backend/node_modules/express/lib/router/index.js:281:22\n    at param (/Users/fanliang/Desktop/6-eleven/backend/node_modules/express/lib/router/index.js:354:14)"}
{"level":"info","message":"Listening on port 5000..."}
{"level":"info","message":"Connected to MongoDB..."}
{"level":"error","message":"Unexpected token u in JSON at position 0 Unexpected token u in JSON at position 0","stack":"SyntaxError: Unexpected token u in JSON at position 0\n    at JSON.parse (<anonymous>)\n    at /Users/fanliang/Desktop/6-eleven/backend/routes/users.js:140:27\n    at newFn (/Users/fanliang/Desktop/6-eleven/backend/node_modules/express-async-errors/index.js:16:20)\n    at Layer.handle [as handle_request] (/Users/fanliang/Desktop/6-eleven/backend/node_modules/express/lib/router/layer.js:95:5)\n    at next (/Users/fanliang/Desktop/6-eleven/backend/node_modules/express/lib/router/route.js:137:13)\n    at Route.dispatch (/Users/fanliang/Desktop/6-eleven/backend/node_modules/express/lib/router/route.js:112:3)\n    at newFn (/Users/fanliang/Desktop/6-eleven/backend/node_modules/express-async-errors/index.js:16:20)\n    at Layer.handle [as handle_request] (/Users/fanliang/Desktop/6-eleven/backend/node_modules/express/lib/router/layer.js:95:5)\n    at /Users/fanliang/Desktop/6-eleven/backend/node_modules/express/lib/router/index.js:281:22\n    at param (/Users/fanliang/Desktop/6-eleven/backend/node_modules/express/lib/router/index.js:354:14)"}
{"level":"error","message":"Unexpected token u in JSON at position 0 Unexpected token u in JSON at position 0","stack":"SyntaxError: Unexpected token u in JSON at position 0\n    at JSON.parse (<anonymous>)\n    at /Users/fanliang/Desktop/6-eleven/backend/routes/users.js:140:27\n    at newFn (/Users/fanliang/Desktop/6-eleven/backend/node_modules/express-async-errors/index.js:16:20)\n    at Layer.handle [as handle_request] (/Users/fanliang/Desktop/6-eleven/backend/node_modules/express/lib/router/layer.js:95:5)\n    at next (/Users/fanliang/Desktop/6-eleven/backend/node_modules/express/lib/router/route.js:137:13)\n    at Route.dispatch (/Users/fanliang/Desktop/6-eleven/backend/node_modules/express/lib/router/route.js:112:3)\n    at newFn (/Users/fanliang/Desktop/6-eleven/backend/node_modules/express-async-errors/index.js:16:20)\n    at Layer.handle [as handle_request] (/Users/fanliang/Desktop/6-eleven/backend/node_modules/express/lib/router/layer.js:95:5)\n    at /Users/fanliang/Desktop/6-eleven/backend/node_modules/express/lib/router/index.js:281:22\n    at param (/Users/fanliang/Desktop/6-eleven/backend/node_modules/express/lib/router/index.js:354:14)"}
{"level":"info","message":"Listening on port 5000..."}
{"level":"info","message":"Connected to MongoDB..."}
{"level":"error","message":"Unexpected token u in JSON at position 0 Unexpected token u in JSON at position 0","stack":"SyntaxError: Unexpected token u in JSON at position 0\n    at JSON.parse (<anonymous>)\n    at /Users/fanliang/Desktop/6-eleven/backend/routes/users.js:143:27\n    at newFn (/Users/fanliang/Desktop/6-eleven/backend/node_modules/express-async-errors/index.js:16:20)\n    at Layer.handle [as handle_request] (/Users/fanliang/Desktop/6-eleven/backend/node_modules/express/lib/router/layer.js:95:5)\n    at next (/Users/fanliang/Desktop/6-eleven/backend/node_modules/express/lib/router/route.js:137:13)\n    at Route.dispatch (/Users/fanliang/Desktop/6-eleven/backend/node_modules/express/lib/router/route.js:112:3)\n    at newFn (/Users/fanliang/Desktop/6-eleven/backend/node_modules/express-async-errors/index.js:16:20)\n    at Layer.handle [as handle_request] (/Users/fanliang/Desktop/6-eleven/backend/node_modules/express/lib/router/layer.js:95:5)\n    at /Users/fanliang/Desktop/6-eleven/backend/node_modules/express/lib/router/index.js:281:22\n    at param (/Users/fanliang/Desktop/6-eleven/backend/node_modules/express/lib/router/index.js:354:14)"}
{"level":"info","message":"Listening on port 5000..."}
{"level":"info","message":"Connected to MongoDB..."}
{"level":"info","message":"Listening on port 5000..."}
{"level":"info","message":"Connected to MongoDB..."}
{"level":"info","message":"Listening on port 5000..."}
{"level":"info","message":"Connected to MongoDB..."}
{"level":"info","message":"Listening on port 5000..."}
{"level":"info","message":"Connected to MongoDB..."}
{"level":"info","message":"Listening on port 5000..."}
{"level":"info","message":"Connected to MongoDB..."}
{"level":"info","message":"Listening on port 5000..."}
{"level":"info","message":"Connected to MongoDB..."}
{"level":"info","message":"Listening on port 5000..."}
{"level":"info","message":"Connected to MongoDB..."}
{"level":"info","message":"Listening on port 5000..."}
{"level":"info","message":"Connected to MongoDB..."}
{"level":"info","message":"Listening on port 5000..."}
{"level":"info","message":"Connected to MongoDB..."}
{"level":"info","message":"Listening on port 5000..."}
{"level":"info","message":"Connected to MongoDB..."}
{"level":"info","message":"Listening on port 5000..."}
{"level":"info","message":"Connected to MongoDB..."}
{"level":"info","message":"Listening on port 5000..."}
{"level":"info","message":"Connected to MongoDB..."}
{"level":"error","message":"Cannot read property 'status' of null Cannot read property 'status' of null","stack":"TypeError: Cannot read property 'status' of null\n    at check (/Users/fanliang/Desktop/6-eleven/backend/services/checkPending.js:2:12)\n    at /Users/fanliang/Desktop/6-eleven/backend/routes/users.js:46:3\n    at processTicksAndRejections (internal/process/task_queues.js:93:5)"}
{"level":"error","message":"Cannot read property 'status' of null Cannot read property 'status' of null","stack":"TypeError: Cannot read property 'status' of null\n    at check (/Users/fanliang/Desktop/6-eleven/backend/services/checkPending.js:2:12)\n    at /Users/fanliang/Desktop/6-eleven/backend/routes/users.js:46:3\n    at processTicksAndRejections (internal/process/task_queues.js:93:5)"}
{"level":"info","message":"Listening on port 5000..."}
{"level":"info","message":"Connected to MongoDB..."}
{"level":"error","message":"Cannot read property 'password' of null Cannot read property 'password' of null","stack":"TypeError: Cannot read property 'password' of null\n    at /Users/fanliang/Desktop/6-eleven/backend/routes/users.js:50:10\n    at processTicksAndRejections (internal/process/task_queues.js:93:5)"}
{"level":"info","message":"Listening on port 5000..."}
{"level":"info","message":"Connected to MongoDB..."}
{"level":"info","message":"Listening on port 5000..."}
{"level":"info","message":"Connected to MongoDB..."}
{"level":"error","message":"Cannot read property 'status' of null Cannot read property 'status' of null","stack":"TypeError: Cannot read property 'status' of null\n    at check (/Users/fanliang/Desktop/6-eleven/backend/services/checkPending.js:3:12)\n    at processTicksAndRejections (internal/process/task_queues.js:93:5)\n    at async /Users/fanliang/Desktop/6-eleven/backend/routes/users.js:49:3"}
{"level":"error","message":"Cannot read property 'status' of null Cannot read property 'status' of null","stack":"TypeError: Cannot read property 'status' of null\n    at check (/Users/fanliang/Desktop/6-eleven/backend/services/checkPending.js:3:12)\n    at processTicksAndRejections (internal/process/task_queues.js:93:5)\n    at async /Users/fanliang/Desktop/6-eleven/backend/routes/users.js:49:3"}
{"level":"info","message":"Listening on port 5000..."}
{"level":"info","message":"Connected to MongoDB..."}
{"level":"error","message":"Cannot read property 'status' of null Cannot read property 'status' of null","stack":"TypeError: Cannot read property 'status' of null\n    at check (/Users/fanliang/Desktop/6-eleven/backend/services/checkPending.js:3:12)\n    at processTicksAndRejections (internal/process/task_queues.js:93:5)\n    at async /Users/fanliang/Desktop/6-eleven/backend/routes/users.js:49:3"}
{"level":"error","message":"Cannot read property 'status' of null Cannot read property 'status' of null","stack":"TypeError: Cannot read property 'status' of null\n    at check (/Users/fanliang/Desktop/6-eleven/backend/services/checkPending.js:3:12)\n    at processTicksAndRejections (internal/process/task_queues.js:93:5)\n    at async /Users/fanliang/Desktop/6-eleven/backend/routes/users.js:49:3"}
{"level":"info","message":"Listening on port 5000..."}
{"level":"info","message":"Connected to MongoDB..."}
{"level":"info","message":"Listening on port 5000..."}
{"level":"info","message":"Connected to MongoDB..."}
{"level":"info","message":"Listening on port 5000..."}
{"level":"info","message":"Connected to MongoDB..."}
{"level":"info","message":"Listening on port 5000..."}
{"level":"info","message":"Connected to MongoDB..."}
{"level":"info","message":"Listening on port 5000..."}
{"level":"info","message":"Connected to MongoDB..."}
{"level":"info","message":"Listening on port 5000..."}
{"level":"info","message":"Connected to MongoDB..."}
{"level":"info","message":"Listening on port 5000..."}
{"level":"info","message":"Connected to MongoDB..."}
{"level":"error","message":"Cannot read property 'status' of null Cannot read property 'status' of null","stack":"TypeError: Cannot read property 'status' of null\n    at check (/Users/fanliang/Desktop/6-eleven/backend/services/checkPending.js:2:12)\n    at /Users/fanliang/Desktop/6-eleven/backend/routes/users.js:47:8\n    at processTicksAndRejections (internal/process/task_queues.js:93:5)"}
{"level":"info","message":"Listening on port 5000..."}
{"level":"info","message":"Connected to MongoDB..."}
{"level":"error","message":"Cannot read property 'status' of null Cannot read property 'status' of null","stack":"TypeError: Cannot read property 'status' of null\n    at check (/Users/fanliang/Desktop/6-eleven/backend/services/checkPending.js:2:12)\n    at /Users/fanliang/Desktop/6-eleven/backend/routes/users.js:47:8\n    at processTicksAndRejections (internal/process/task_queues.js:93:5)"}
{"level":"error","message":"Cannot read property 'status' of null Cannot read property 'status' of null","stack":"TypeError: Cannot read property 'status' of null\n    at check (/Users/fanliang/Desktop/6-eleven/backend/services/checkPending.js:2:12)\n    at /Users/fanliang/Desktop/6-eleven/backend/routes/users.js:47:8\n    at processTicksAndRejections (internal/process/task_queues.js:93:5)"}
{"level":"info","message":"Listening on port 5000..."}
{"level":"info","message":"Connected to MongoDB..."}
{"level":"info","message":"Listening on port 5000..."}
{"level":"info","message":"Connected to MongoDB..."}
{"level":"error","message":"user.save is not a function user.save is not a function","stack":"TypeError: user.save is not a function\n    at /Users/fanliang/Desktop/6-eleven/backend/routes/users.js:155:14\n    at processTicksAndRejections (internal/process/task_queues.js:93:5)"}
{"level":"info","message":"Listening on port 5000..."}
{"level":"info","message":"Connected to MongoDB..."}
{"level":"error","message":"user.save is not a function user.save is not a function","stack":"TypeError: user.save is not a function\n    at /Users/fanliang/Desktop/6-eleven/backend/routes/users.js:155:14\n    at processTicksAndRejections (internal/process/task_queues.js:93:5)"}
{"level":"info","message":"Listening on port 5000..."}
{"level":"info","message":"Connected to MongoDB..."}
{"level":"error","message":"user.save is not a function user.save is not a function","stack":"TypeError: user.save is not a function\n    at /Users/fanliang/Desktop/6-eleven/backend/routes/users.js:155:14\n    at processTicksAndRejections (internal/process/task_queues.js:93:5)"}
{"level":"info","message":"Listening on port 5000..."}
{"level":"info","message":"Connected to MongoDB..."}
{"level":"info","message":"Listening on port 5000..."}
{"level":"info","message":"Connected to MongoDB..."}
{"level":"error","message":"user.save is not a function user.save is not a function","stack":"TypeError: user.save is not a function\n    at /Users/fanliang/Desktop/6-eleven/backend/routes/users.js:155:14\n    at processTicksAndRejections (internal/process/task_queues.js:93:5)"}
{"level":"info","message":"Listening on port 5000..."}
{"level":"info","message":"Connected to MongoDB..."}
{"level":"error","message":"user.save is not a function user.save is not a function","stack":"TypeError: user.save is not a function\n    at /Users/fanliang/Desktop/6-eleven/backend/routes/users.js:158:14\n    at processTicksAndRejections (internal/process/task_queues.js:93:5)"}
{"level":"info","message":"Listening on port 5000..."}
{"level":"info","message":"Connected to MongoDB..."}
{"level":"error","message":"user.save is not a function user.save is not a function","stack":"TypeError: user.save is not a function\n    at /Users/fanliang/Desktop/6-eleven/backend/routes/users.js:156:14\n    at processTicksAndRejections (internal/process/task_queues.js:93:5)"}
{"level":"info","message":"Listening on port 5000..."}
{"level":"info","message":"Connected to MongoDB..."}
{"level":"info","message":"Listening on port 5000..."}
{"level":"info","message":"Connected to MongoDB..."}
{"level":"error","message":"user.save is not a function user.save is not a function","stack":"TypeError: user.save is not a function\n    at /Users/fanliang/Desktop/6-eleven/backend/routes/users.js:156:14\n    at processTicksAndRejections (internal/process/task_queues.js:93:5)"}
{"level":"info","message":"Listening on port 5000..."}
{"level":"info","message":"Connected to MongoDB..."}
{"level":"error","message":"user.save is not a function user.save is not a function","stack":"TypeError: user.save is not a function\n    at /Users/fanliang/Desktop/6-eleven/backend/routes/users.js:158:14\n    at processTicksAndRejections (internal/process/task_queues.js:93:5)"}
{"level":"info","message":"Listening on port 5000..."}
{"level":"info","message":"Connected to MongoDB..."}
{"level":"info","message":"Listening on port 5000..."}
{"level":"info","message":"Connected to MongoDB..."}
{"level":"info","message":"Listening on port 5000..."}
{"level":"info","message":"Connected to MongoDB..."}
{"level":"info","message":"Listening on port 5000..."}
{"level":"info","message":"Connected to MongoDB..."}
{"level":"info","message":"Listening on port 5000..."}
{"level":"info","message":"Connected to MongoDB..."}
{"level":"info","message":"Listening on port 5000..."}
{"level":"info","message":"Connected to MongoDB..."}
{"code":"ERR_HTTP_HEADERS_SENT","level":"error","message":"Cannot set headers after they are sent to the client Cannot set headers after they are sent to the client","stack":"Error [ERR_HTTP_HEADERS_SENT]: Cannot set headers after they are sent to the client\n    at ServerResponse.setHeader (_http_outgoing.js:558:11)\n    at ServerResponse.header (/Users/fanliang/Desktop/6-eleven/backend/node_modules/express/lib/response.js:771:10)\n    at ServerResponse.send (/Users/fanliang/Desktop/6-eleven/backend/node_modules/express/lib/response.js:170:12)\n    at /Users/fanliang/Desktop/6-eleven/backend/routes/users.js:178:19\n    at processTicksAndRejections (internal/process/task_queues.js:93:5)"}
{"code":"ERR_HTTP_HEADERS_SENT","level":"error","message":"Cannot set headers after they are sent to the client Cannot set headers after they are sent to the client","stack":"Error [ERR_HTTP_HEADERS_SENT]: Cannot set headers after they are sent to the client\n    at ServerResponse.setHeader (_http_outgoing.js:558:11)\n    at ServerResponse.header (/Users/fanliang/Desktop/6-eleven/backend/node_modules/express/lib/response.js:771:10)\n    at ServerResponse.send (/Users/fanliang/Desktop/6-eleven/backend/node_modules/express/lib/response.js:170:12)\n    at /Users/fanliang/Desktop/6-eleven/backend/routes/users.js:178:19\n    at processTicksAndRejections (internal/process/task_queues.js:93:5)"}
{"level":"info","message":"Listening on port 5000..."}
{"level":"info","message":"Connected to MongoDB..."}
